#
# There is insufficient memory for the Java Runtime Environment to continue.
# Native memory allocation (malloc) failed to allocate 740656 bytes for Chunk::new
# Possible reasons:
#   The system is out of physical RAM or swap space
#   The process is running with CompressedOops enabled, and the Java Heap may be blocking the growth of the native heap
# Possible solutions:
#   Reduce memory load on the system
#   Increase physical memory or swap space
#   Check if swap backing store is full
#   Decrease Java heap size (-Xmx/-Xms)
#   Decrease number of Java threads
#   Decrease Java thread stack sizes (-Xss)
#   Set larger code cache with -XX:ReservedCodeCacheSize=
#   JVM is running with Unscaled Compressed Oops mode in which the Java heap is
#     placed in the first 4GB address space. The Java Heap base address is the
#     maximum limit for the native heap growth. Please use -XX:HeapBaseMinAddress
#     to set the Java Heap base and to place the Java Heap above 4GB virtual address.
# This output file may be truncated or incomplete.
#
#  Out of Memory Error (arena.cpp:197), pid=19368, tid=13284
#
# JRE version: OpenJDK Runtime Environment Temurin-11.0.24+8 (11.0.24+8) (build 11.0.24+8)
# Java VM: OpenJDK 64-Bit Server VM Temurin-11.0.24+8 (11.0.24+8, mixed mode, tiered, compressed oops, g1 gc, windows-amd64)
# No core dump will be written. Minidumps are not enabled by default on client versions of Windows
#

---------------  S U M M A R Y ------------

Command Line: -javaagent:C:\$Recycle.Bin\S-1-5-21-4164793623-287986518-3935435691-1001\$RZLOBY0\IntelliJ IDEA 2024.2.3\lib\idea_rt.jar=50999:C:\$Recycle.Bin\S-1-5-21-4164793623-287986518-3935435691-1001\$RZLOBY0\IntelliJ IDEA 2024.2.3\bin -Dfile.encoding=UTF-8 window1

Host: Intel(R) Core(TM) i5-8265U CPU @ 1.60GHz, 8 cores, 7G,  Windows 11 , 64 bit Build 22621 (10.0.22621.4391)
Time: Mon Jan  6 19:36:57 2025 Afr. centrale Ouest elapsed time: 2.659978 seconds (0d 0h 0m 2s)

---------------  T H R E A D  ---------------

Current thread (0x0000016aff7d1000):  JavaThread "C2 CompilerThread0" daemon [_thread_in_native, id=13284, stack(0x0000004eebf00000,0x0000004eec000000)]


Current CompileTask:
C2:   2660 1182       4       java.lang.invoke.InvokerBytecodeGenerator::emitImplicitConversion (159 bytes)

Stack: [0x0000004eebf00000,0x0000004eec000000]
Native frames: (J=compiled Java code, j=interpreted, Vv=VM code, C=native code)
V  [jvm.dll+0x6462aa]
V  [jvm.dll+0x7d9fd9]
V  [jvm.dll+0x7db6d9]
V  [jvm.dll+0x7dbdc3]
V  [jvm.dll+0x269ce5]
V  [jvm.dll+0xc1f9c]
V  [jvm.dll+0xc254c]
V  [jvm.dll+0x37a0b7]
V  [jvm.dll+0x344fb5]
V  [jvm.dll+0x34438a]
V  [jvm.dll+0x221bcf]
V  [jvm.dll+0x220bd8]
V  [jvm.dll+0x19e971]
V  [jvm.dll+0x230c99]
V  [jvm.dll+0x22ee0f]
V  [jvm.dll+0x79b161]
V  [jvm.dll+0x793e34]
V  [jvm.dll+0x645065]
C  [ucrtbase.dll+0x29333]
C  [KERNEL32.DLL+0x1259d]
C  [ntdll.dll+0x5af38]


---------------  P R O C E S S  ---------------

Threads class SMR info:
_java_thread_list=0x0000016a9b9eeb40, length=19, elements={
0x0000016afee15800, 0x0000016afee1e800, 0x0000016aff7c2800, 0x0000016aff7c3800,
0x0000016aff7c5800, 0x0000016aff7d1000, 0x0000016aff7d6800, 0x0000016aff7d7800,
0x0000016afedac000, 0x0000016affb5d000, 0x0000016a9b8f5000, 0x0000016a9b899800,
0x0000016a9b89a800, 0x0000016affa73000, 0x0000016af94c5800, 0x0000016a9baf9000,
0x0000016a9ba23000, 0x0000016a9bb70800, 0x0000016a9bbc0000
}

Java Threads: ( => current thread )
  0x0000016afee15800 JavaThread "Reference Handler" daemon [_thread_blocked, id=1576, stack(0x0000004eeba00000,0x0000004eebb00000)]
  0x0000016afee1e800 JavaThread "Finalizer" daemon [_thread_blocked, id=10320, stack(0x0000004eebb00000,0x0000004eebc00000)]
  0x0000016aff7c2800 JavaThread "Signal Dispatcher" daemon [_thread_blocked, id=18708, stack(0x0000004eebc00000,0x0000004eebd00000)]
  0x0000016aff7c3800 JavaThread "Attach Listener" daemon [_thread_blocked, id=14700, stack(0x0000004eebd00000,0x0000004eebe00000)]
  0x0000016aff7c5800 JavaThread "Service Thread" daemon [_thread_blocked, id=8896, stack(0x0000004eebe00000,0x0000004eebf00000)]
=>0x0000016aff7d1000 JavaThread "C2 CompilerThread0" daemon [_thread_in_native, id=13284, stack(0x0000004eebf00000,0x0000004eec000000)]
  0x0000016aff7d6800 JavaThread "C1 CompilerThread0" daemon [_thread_blocked, id=17688, stack(0x0000004eec000000,0x0000004eec100000)]
  0x0000016aff7d7800 JavaThread "Sweeper thread" daemon [_thread_blocked, id=11304, stack(0x0000004eec100000,0x0000004eec200000)]
  0x0000016afedac000 JavaThread "Common-Cleaner" daemon [_thread_blocked, id=13956, stack(0x0000004eec200000,0x0000004eec300000)]
  0x0000016affb5d000 JavaThread "Monitor Ctrl-Break" daemon [_thread_in_native, id=19040, stack(0x0000004eec300000,0x0000004eec400000)]
  0x0000016a9b8f5000 JavaThread "Java2D Disposer" daemon [_thread_blocked, id=5720, stack(0x0000004eec500000,0x0000004eec600000)]
  0x0000016a9b899800 JavaThread "AWT-Shutdown" [_thread_blocked, id=18720, stack(0x0000004eec600000,0x0000004eec700000)]
  0x0000016a9b89a800 JavaThread "AWT-Windows" daemon [_thread_in_native, id=18528, stack(0x0000004eec700000,0x0000004eec800000)]
  0x0000016affa73000 JavaThread "AWT-EventQueue-0" [_thread_blocked, id=5132, stack(0x0000004eec800000,0x0000004eec900000)]
  0x0000016af94c5800 JavaThread "DestroyJavaVM" [_thread_blocked, id=16876, stack(0x0000004eeb300000,0x0000004eeb400000)]
  0x0000016a9baf9000 JavaThread "RMI TCP Accept-0" daemon [_thread_in_native, id=18664, stack(0x0000004eec900000,0x0000004eeca00000)]
  0x0000016a9ba23000 JavaThread "RMI TCP Connection(1)-192.168.56.1" daemon [_thread_in_native, id=7548, stack(0x0000004eeca00000,0x0000004eecb00000)]
  0x0000016a9bb70800 JavaThread "RMI Scheduler(0)" daemon [_thread_blocked, id=3732, stack(0x0000004eecb00000,0x0000004eecc00000)]
  0x0000016a9bbc0000 JavaThread "JMX server connection timeout 25" daemon [_thread_blocked, id=14948, stack(0x0000004eecc00000,0x0000004eecd00000)]

Other Threads:
  0x0000016afedf0000 VMThread "VM Thread" [stack: 0x0000004eeb900000,0x0000004eeba00000] [id=13684]
  0x0000016affb1e000 WatcherThread [stack: 0x0000004eec400000,0x0000004eec500000] [id=3004]
  0x0000016af94e1000 GCTaskThread "GC Thread#0" [stack: 0x0000004eeb400000,0x0000004eeb500000] [id=18988]
  0x0000016af9512000 ConcurrentGCThread "G1 Main Marker" [stack: 0x0000004eeb500000,0x0000004eeb600000] [id=12448]
  0x0000016af9513800 ConcurrentGCThread "G1 Conc#0" [stack: 0x0000004eeb600000,0x0000004eeb700000] [id=16892]
  0x0000016afec58800 ConcurrentGCThread "G1 Refine#0" [stack: 0x0000004eeb700000,0x0000004eeb800000] [id=2668]
  0x0000016afec59800 ConcurrentGCThread "G1 Young RemSet Sampling" [stack: 0x0000004eeb800000,0x0000004eeb900000] [id=16480]

Threads with active compile tasks:
C2 CompilerThread0     2723 1182       4       java.lang.invoke.InvokerBytecodeGenerator::emitImplicitConversion (159 bytes)

VM state:not at safepoint (normal execution)

VM Mutex/Monitor currently owned by a thread: None

Heap address: 0x0000000082400000, size: 2012 MB, Compressed Oops mode: 32-bit
Narrow klass base: 0x0000000000000000, Narrow klass shift: 3
Compressed class space size: 1073741824 Address: 0x0000000100000000

Heap:
 garbage-first heap   total 129024K, used 17408K [0x0000000082400000, 0x0000000100000000)
  region size 1024K, 17 young (17408K), 0 survivors (0K)
 Metaspace       used 19538K, capacity 20155K, committed 20352K, reserved 1067008K
  class space    used 2075K, capacity 2341K, committed 2432K, reserved 1048576K
Heap Regions: E=young(eden), S=young(survivor), O=old, HS=humongous(starts), HC=humongous(continues), CS=collection set, F=free, A=archive, TAMS=top-at-mark-start (previous, next)
|   0|0x0000000082400000, 0x0000000082500000, 0x0000000082500000|100%|HS|  |TAMS 0x0000000082400000, 0x0000000082400000| Complete 
|   1|0x0000000082500000, 0x0000000082500000, 0x0000000082600000|  0%| F|  |TAMS 0x0000000082500000, 0x0000000082500000| Untracked 
|   2|0x0000000082600000, 0x0000000082600000, 0x0000000082700000|  0%| F|  |TAMS 0x0000000082600000, 0x0000000082600000| Untracked 
|   3|0x0000000082700000, 0x0000000082700000, 0x0000000082800000|  0%| F|  |TAMS 0x0000000082700000, 0x0000000082700000| Untracked 
|   4|0x0000000082800000, 0x0000000082800000, 0x0000000082900000|  0%| F|  |TAMS 0x0000000082800000, 0x0000000082800000| Untracked 
|   5|0x0000000082900000, 0x0000000082900000, 0x0000000082a00000|  0%| F|  |TAMS 0x0000000082900000, 0x0000000082900000| Untracked 
|   6|0x0000000082a00000, 0x0000000082a00000, 0x0000000082b00000|  0%| F|  |TAMS 0x0000000082a00000, 0x0000000082a00000| Untracked 
|   7|0x0000000082b00000, 0x0000000082b00000, 0x0000000082c00000|  0%| F|  |TAMS 0x0000000082b00000, 0x0000000082b00000| Untracked 
|   8|0x0000000082c00000, 0x0000000082c00000, 0x0000000082d00000|  0%| F|  |TAMS 0x0000000082c00000, 0x0000000082c00000| Untracked 
|   9|0x0000000082d00000, 0x0000000082d00000, 0x0000000082e00000|  0%| F|  |TAMS 0x0000000082d00000, 0x0000000082d00000| Untracked 
|  10|0x0000000082e00000, 0x0000000082e00000, 0x0000000082f00000|  0%| F|  |TAMS 0x0000000082e00000, 0x0000000082e00000| Untracked 
|  11|0x0000000082f00000, 0x0000000082f00000, 0x0000000083000000|  0%| F|  |TAMS 0x0000000082f00000, 0x0000000082f00000| Untracked 
|  12|0x0000000083000000, 0x0000000083000000, 0x0000000083100000|  0%| F|  |TAMS 0x0000000083000000, 0x0000000083000000| Untracked 
|  13|0x0000000083100000, 0x0000000083100000, 0x0000000083200000|  0%| F|  |TAMS 0x0000000083100000, 0x0000000083100000| Untracked 
|  14|0x0000000083200000, 0x0000000083200000, 0x0000000083300000|  0%| F|  |TAMS 0x0000000083200000, 0x0000000083200000| Untracked 
|  15|0x0000000083300000, 0x0000000083300000, 0x0000000083400000|  0%| F|  |TAMS 0x0000000083300000, 0x0000000083300000| Untracked 
|  16|0x0000000083400000, 0x0000000083400000, 0x0000000083500000|  0%| F|  |TAMS 0x0000000083400000, 0x0000000083400000| Untracked 
|  17|0x0000000083500000, 0x0000000083500000, 0x0000000083600000|  0%| F|  |TAMS 0x0000000083500000, 0x0000000083500000| Untracked 
|  18|0x0000000083600000, 0x0000000083600000, 0x0000000083700000|  0%| F|  |TAMS 0x0000000083600000, 0x0000000083600000| Untracked 
|  19|0x0000000083700000, 0x0000000083700000, 0x0000000083800000|  0%| F|  |TAMS 0x0000000083700000, 0x0000000083700000| Untracked 
|  20|0x0000000083800000, 0x0000000083800000, 0x0000000083900000|  0%| F|  |TAMS 0x0000000083800000, 0x0000000083800000| Untracked 
|  21|0x0000000083900000, 0x0000000083900000, 0x0000000083a00000|  0%| F|  |TAMS 0x0000000083900000, 0x0000000083900000| Untracked 
|  22|0x0000000083a00000, 0x0000000083a00000, 0x0000000083b00000|  0%| F|  |TAMS 0x0000000083a00000, 0x0000000083a00000| Untracked 
|  23|0x0000000083b00000, 0x0000000083b00000, 0x0000000083c00000|  0%| F|  |TAMS 0x0000000083b00000, 0x0000000083b00000| Untracked 
|  24|0x0000000083c00000, 0x0000000083c00000, 0x0000000083d00000|  0%| F|  |TAMS 0x0000000083c00000, 0x0000000083c00000| Untracked 
|  25|0x0000000083d00000, 0x0000000083d00000, 0x0000000083e00000|  0%| F|  |TAMS 0x0000000083d00000, 0x0000000083d00000| Untracked 
|  26|0x0000000083e00000, 0x0000000083e00000, 0x0000000083f00000|  0%| F|  |TAMS 0x0000000083e00000, 0x0000000083e00000| Untracked 
|  27|0x0000000083f00000, 0x0000000083f00000, 0x0000000084000000|  0%| F|  |TAMS 0x0000000083f00000, 0x0000000083f00000| Untracked 
|  28|0x0000000084000000, 0x0000000084000000, 0x0000000084100000|  0%| F|  |TAMS 0x0000000084000000, 0x0000000084000000| Untracked 
|  29|0x0000000084100000, 0x0000000084100000, 0x0000000084200000|  0%| F|  |TAMS 0x0000000084100000, 0x0000000084100000| Untracked 
|  30|0x0000000084200000, 0x0000000084200000, 0x0000000084300000|  0%| F|  |TAMS 0x0000000084200000, 0x0000000084200000| Untracked 
|  31|0x0000000084300000, 0x0000000084300000, 0x0000000084400000|  0%| F|  |TAMS 0x0000000084300000, 0x0000000084300000| Untracked 
|  32|0x0000000084400000, 0x0000000084400000, 0x0000000084500000|  0%| F|  |TAMS 0x0000000084400000, 0x0000000084400000| Untracked 
|  33|0x0000000084500000, 0x0000000084500000, 0x0000000084600000|  0%| F|  |TAMS 0x0000000084500000, 0x0000000084500000| Untracked 
|  34|0x0000000084600000, 0x0000000084600000, 0x0000000084700000|  0%| F|  |TAMS 0x0000000084600000, 0x0000000084600000| Untracked 
|  35|0x0000000084700000, 0x0000000084700000, 0x0000000084800000|  0%| F|  |TAMS 0x0000000084700000, 0x0000000084700000| Untracked 
|  36|0x0000000084800000, 0x0000000084800000, 0x0000000084900000|  0%| F|  |TAMS 0x0000000084800000, 0x0000000084800000| Untracked 
|  37|0x0000000084900000, 0x0000000084900000, 0x0000000084a00000|  0%| F|  |TAMS 0x0000000084900000, 0x0000000084900000| Untracked 
|  38|0x0000000084a00000, 0x0000000084a00000, 0x0000000084b00000|  0%| F|  |TAMS 0x0000000084a00000, 0x0000000084a00000| Untracked 
|  39|0x0000000084b00000, 0x0000000084b00000, 0x0000000084c00000|  0%| F|  |TAMS 0x0000000084b00000, 0x0000000084b00000| Untracked 
|  40|0x0000000084c00000, 0x0000000084c00000, 0x0000000084d00000|  0%| F|  |TAMS 0x0000000084c00000, 0x0000000084c00000| Untracked 
|  41|0x0000000084d00000, 0x0000000084d00000, 0x0000000084e00000|  0%| F|  |TAMS 0x0000000084d00000, 0x0000000084d00000| Untracked 
|  42|0x0000000084e00000, 0x0000000084e00000, 0x0000000084f00000|  0%| F|  |TAMS 0x0000000084e00000, 0x0000000084e00000| Untracked 
|  43|0x0000000084f00000, 0x0000000084f00000, 0x0000000085000000|  0%| F|  |TAMS 0x0000000084f00000, 0x0000000084f00000| Untracked 
|  44|0x0000000085000000, 0x0000000085000000, 0x0000000085100000|  0%| F|  |TAMS 0x0000000085000000, 0x0000000085000000| Untracked 
|  45|0x0000000085100000, 0x0000000085100000, 0x0000000085200000|  0%| F|  |TAMS 0x0000000085100000, 0x0000000085100000| Untracked 
|  46|0x0000000085200000, 0x0000000085200000, 0x0000000085300000|  0%| F|  |TAMS 0x0000000085200000, 0x0000000085200000| Untracked 
|  47|0x0000000085300000, 0x0000000085300000, 0x0000000085400000|  0%| F|  |TAMS 0x0000000085300000, 0x0000000085300000| Untracked 
|  48|0x0000000085400000, 0x0000000085400000, 0x0000000085500000|  0%| F|  |TAMS 0x0000000085400000, 0x0000000085400000| Untracked 
|  49|0x0000000085500000, 0x0000000085500000, 0x0000000085600000|  0%| F|  |TAMS 0x0000000085500000, 0x0000000085500000| Untracked 
|  50|0x0000000085600000, 0x0000000085600000, 0x0000000085700000|  0%| F|  |TAMS 0x0000000085600000, 0x0000000085600000| Untracked 
|  51|0x0000000085700000, 0x0000000085700000, 0x0000000085800000|  0%| F|  |TAMS 0x0000000085700000, 0x0000000085700000| Untracked 
|  52|0x0000000085800000, 0x0000000085800000, 0x0000000085900000|  0%| F|  |TAMS 0x0000000085800000, 0x0000000085800000| Untracked 
|  53|0x0000000085900000, 0x0000000085900000, 0x0000000085a00000|  0%| F|  |TAMS 0x0000000085900000, 0x0000000085900000| Untracked 
|  54|0x0000000085a00000, 0x0000000085a00000, 0x0000000085b00000|  0%| F|  |TAMS 0x0000000085a00000, 0x0000000085a00000| Untracked 
|  55|0x0000000085b00000, 0x0000000085b00000, 0x0000000085c00000|  0%| F|  |TAMS 0x0000000085b00000, 0x0000000085b00000| Untracked 
|  56|0x0000000085c00000, 0x0000000085c00000, 0x0000000085d00000|  0%| F|  |TAMS 0x0000000085c00000, 0x0000000085c00000| Untracked 
|  57|0x0000000085d00000, 0x0000000085d00000, 0x0000000085e00000|  0%| F|  |TAMS 0x0000000085d00000, 0x0000000085d00000| Untracked 
|  58|0x0000000085e00000, 0x0000000085e00000, 0x0000000085f00000|  0%| F|  |TAMS 0x0000000085e00000, 0x0000000085e00000| Untracked 
|  59|0x0000000085f00000, 0x0000000085f00000, 0x0000000086000000|  0%| F|  |TAMS 0x0000000085f00000, 0x0000000085f00000| Untracked 
|  60|0x0000000086000000, 0x0000000086000000, 0x0000000086100000|  0%| F|  |TAMS 0x0000000086000000, 0x0000000086000000| Untracked 
|  61|0x0000000086100000, 0x0000000086100000, 0x0000000086200000|  0%| F|  |TAMS 0x0000000086100000, 0x0000000086100000| Untracked 
|  62|0x0000000086200000, 0x0000000086200000, 0x0000000086300000|  0%| F|  |TAMS 0x0000000086200000, 0x0000000086200000| Untracked 
|  63|0x0000000086300000, 0x0000000086300000, 0x0000000086400000|  0%| F|  |TAMS 0x0000000086300000, 0x0000000086300000| Untracked 
|  64|0x0000000086400000, 0x0000000086400000, 0x0000000086500000|  0%| F|  |TAMS 0x0000000086400000, 0x0000000086400000| Untracked 
|  65|0x0000000086500000, 0x0000000086500000, 0x0000000086600000|  0%| F|  |TAMS 0x0000000086500000, 0x0000000086500000| Untracked 
|  66|0x0000000086600000, 0x0000000086600000, 0x0000000086700000|  0%| F|  |TAMS 0x0000000086600000, 0x0000000086600000| Untracked 
|  67|0x0000000086700000, 0x0000000086700000, 0x0000000086800000|  0%| F|  |TAMS 0x0000000086700000, 0x0000000086700000| Untracked 
|  68|0x0000000086800000, 0x0000000086800000, 0x0000000086900000|  0%| F|  |TAMS 0x0000000086800000, 0x0000000086800000| Untracked 
|  69|0x0000000086900000, 0x0000000086900000, 0x0000000086a00000|  0%| F|  |TAMS 0x0000000086900000, 0x0000000086900000| Untracked 
|  70|0x0000000086a00000, 0x0000000086a00000, 0x0000000086b00000|  0%| F|  |TAMS 0x0000000086a00000, 0x0000000086a00000| Untracked 
|  71|0x0000000086b00000, 0x0000000086b00000, 0x0000000086c00000|  0%| F|  |TAMS 0x0000000086b00000, 0x0000000086b00000| Untracked 
|  72|0x0000000086c00000, 0x0000000086c00000, 0x0000000086d00000|  0%| F|  |TAMS 0x0000000086c00000, 0x0000000086c00000| Untracked 
|  73|0x0000000086d00000, 0x0000000086d00000, 0x0000000086e00000|  0%| F|  |TAMS 0x0000000086d00000, 0x0000000086d00000| Untracked 
|  74|0x0000000086e00000, 0x0000000086e00000, 0x0000000086f00000|  0%| F|  |TAMS 0x0000000086e00000, 0x0000000086e00000| Untracked 
|  75|0x0000000086f00000, 0x0000000086f00000, 0x0000000087000000|  0%| F|  |TAMS 0x0000000086f00000, 0x0000000086f00000| Untracked 
|  76|0x0000000087000000, 0x0000000087000000, 0x0000000087100000|  0%| F|  |TAMS 0x0000000087000000, 0x0000000087000000| Untracked 
|  77|0x0000000087100000, 0x0000000087100000, 0x0000000087200000|  0%| F|  |TAMS 0x0000000087100000, 0x0000000087100000| Untracked 
|  78|0x0000000087200000, 0x0000000087200000, 0x0000000087300000|  0%| F|  |TAMS 0x0000000087200000, 0x0000000087200000| Untracked 
|  79|0x0000000087300000, 0x0000000087300000, 0x0000000087400000|  0%| F|  |TAMS 0x0000000087300000, 0x0000000087300000| Untracked 
|  80|0x0000000087400000, 0x0000000087400000, 0x0000000087500000|  0%| F|  |TAMS 0x0000000087400000, 0x0000000087400000| Untracked 
|  81|0x0000000087500000, 0x0000000087500000, 0x0000000087600000|  0%| F|  |TAMS 0x0000000087500000, 0x0000000087500000| Untracked 
|  82|0x0000000087600000, 0x0000000087600000, 0x0000000087700000|  0%| F|  |TAMS 0x0000000087600000, 0x0000000087600000| Untracked 
|  83|0x0000000087700000, 0x0000000087700000, 0x0000000087800000|  0%| F|  |TAMS 0x0000000087700000, 0x0000000087700000| Untracked 
|  84|0x0000000087800000, 0x0000000087800000, 0x0000000087900000|  0%| F|  |TAMS 0x0000000087800000, 0x0000000087800000| Untracked 
|  85|0x0000000087900000, 0x0000000087900000, 0x0000000087a00000|  0%| F|  |TAMS 0x0000000087900000, 0x0000000087900000| Untracked 
|  86|0x0000000087a00000, 0x0000000087a00000, 0x0000000087b00000|  0%| F|  |TAMS 0x0000000087a00000, 0x0000000087a00000| Untracked 
|  87|0x0000000087b00000, 0x0000000087b00000, 0x0000000087c00000|  0%| F|  |TAMS 0x0000000087b00000, 0x0000000087b00000| Untracked 
|  88|0x0000000087c00000, 0x0000000087c00000, 0x0000000087d00000|  0%| F|  |TAMS 0x0000000087c00000, 0x0000000087c00000| Untracked 
|  89|0x0000000087d00000, 0x0000000087d00000, 0x0000000087e00000|  0%| F|  |TAMS 0x0000000087d00000, 0x0000000087d00000| Untracked 
|  90|0x0000000087e00000, 0x0000000087e00000, 0x0000000087f00000|  0%| F|  |TAMS 0x0000000087e00000, 0x0000000087e00000| Untracked 
|  91|0x0000000087f00000, 0x0000000087f00000, 0x0000000088000000|  0%| F|  |TAMS 0x0000000087f00000, 0x0000000087f00000| Untracked 
|  92|0x0000000088000000, 0x0000000088000000, 0x0000000088100000|  0%| F|  |TAMS 0x0000000088000000, 0x0000000088000000| Untracked 
|  93|0x0000000088100000, 0x0000000088100000, 0x0000000088200000|  0%| F|  |TAMS 0x0000000088100000, 0x0000000088100000| Untracked 
|  94|0x0000000088200000, 0x0000000088200000, 0x0000000088300000|  0%| F|  |TAMS 0x0000000088200000, 0x0000000088200000| Untracked 
|  95|0x0000000088300000, 0x0000000088300000, 0x0000000088400000|  0%| F|  |TAMS 0x0000000088300000, 0x0000000088300000| Untracked 
|  96|0x0000000088400000, 0x0000000088400000, 0x0000000088500000|  0%| F|  |TAMS 0x0000000088400000, 0x0000000088400000| Untracked 
|  97|0x0000000088500000, 0x0000000088500000, 0x0000000088600000|  0%| F|  |TAMS 0x0000000088500000, 0x0000000088500000| Untracked 
|  98|0x0000000088600000, 0x0000000088600000, 0x0000000088700000|  0%| F|  |TAMS 0x0000000088600000, 0x0000000088600000| Untracked 
|  99|0x0000000088700000, 0x0000000088700000, 0x0000000088800000|  0%| F|  |TAMS 0x0000000088700000, 0x0000000088700000| Untracked 
| 100|0x0000000088800000, 0x0000000088800000, 0x0000000088900000|  0%| F|  |TAMS 0x0000000088800000, 0x0000000088800000| Untracked 
| 101|0x0000000088900000, 0x0000000088900000, 0x0000000088a00000|  0%| F|  |TAMS 0x0000000088900000, 0x0000000088900000| Untracked 
| 102|0x0000000088a00000, 0x0000000088a00000, 0x0000000088b00000|  0%| F|  |TAMS 0x0000000088a00000, 0x0000000088a00000| Untracked 
| 103|0x0000000088b00000, 0x0000000088b00000, 0x0000000088c00000|  0%| F|  |TAMS 0x0000000088b00000, 0x0000000088b00000| Untracked 
| 104|0x0000000088c00000, 0x0000000088c00000, 0x0000000088d00000|  0%| F|  |TAMS 0x0000000088c00000, 0x0000000088c00000| Untracked 
| 105|0x0000000088d00000, 0x0000000088d00000, 0x0000000088e00000|  0%| F|  |TAMS 0x0000000088d00000, 0x0000000088d00000| Untracked 
| 106|0x0000000088e00000, 0x0000000088e00000, 0x0000000088f00000|  0%| F|  |TAMS 0x0000000088e00000, 0x0000000088e00000| Untracked 
| 107|0x0000000088f00000, 0x0000000088f00000, 0x0000000089000000|  0%| F|  |TAMS 0x0000000088f00000, 0x0000000088f00000| Untracked 
| 108|0x0000000089000000, 0x0000000089000000, 0x0000000089100000|  0%| F|  |TAMS 0x0000000089000000, 0x0000000089000000| Untracked 
| 109|0x0000000089100000, 0x00000000891f64d0, 0x0000000089200000| 96%| E|  |TAMS 0x0000000089100000, 0x0000000089100000| Complete 
| 110|0x0000000089200000, 0x0000000089300000, 0x0000000089300000|100%| E|CS|TAMS 0x0000000089200000, 0x0000000089200000| Complete 
| 111|0x0000000089300000, 0x0000000089400000, 0x0000000089400000|100%| E|CS|TAMS 0x0000000089300000, 0x0000000089300000| Complete 
| 112|0x0000000089400000, 0x0000000089500000, 0x0000000089500000|100%| E|CS|TAMS 0x0000000089400000, 0x0000000089400000| Complete 
| 113|0x0000000089500000, 0x0000000089600000, 0x0000000089600000|100%| E|CS|TAMS 0x0000000089500000, 0x0000000089500000| Complete 
| 114|0x0000000089600000, 0x0000000089700000, 0x0000000089700000|100%| E|CS|TAMS 0x0000000089600000, 0x0000000089600000| Complete 
| 115|0x0000000089700000, 0x0000000089800000, 0x0000000089800000|100%| E|CS|TAMS 0x0000000089700000, 0x0000000089700000| Complete 
| 116|0x0000000089800000, 0x0000000089900000, 0x0000000089900000|100%| E|CS|TAMS 0x0000000089800000, 0x0000000089800000| Complete 
| 117|0x0000000089900000, 0x0000000089a00000, 0x0000000089a00000|100%| E|CS|TAMS 0x0000000089900000, 0x0000000089900000| Complete 
| 118|0x0000000089a00000, 0x0000000089b00000, 0x0000000089b00000|100%| E|CS|TAMS 0x0000000089a00000, 0x0000000089a00000| Complete 
| 119|0x0000000089b00000, 0x0000000089c00000, 0x0000000089c00000|100%| E|CS|TAMS 0x0000000089b00000, 0x0000000089b00000| Complete 
| 120|0x0000000089c00000, 0x0000000089d00000, 0x0000000089d00000|100%| E|CS|TAMS 0x0000000089c00000, 0x0000000089c00000| Complete 
| 121|0x0000000089d00000, 0x0000000089e00000, 0x0000000089e00000|100%| E|CS|TAMS 0x0000000089d00000, 0x0000000089d00000| Complete 
| 122|0x0000000089e00000, 0x0000000089f00000, 0x0000000089f00000|100%| E|CS|TAMS 0x0000000089e00000, 0x0000000089e00000| Complete 
| 123|0x0000000089f00000, 0x000000008a000000, 0x000000008a000000|100%| E|CS|TAMS 0x0000000089f00000, 0x0000000089f00000| Complete 
| 124|0x000000008a000000, 0x000000008a100000, 0x000000008a100000|100%| E|CS|TAMS 0x000000008a000000, 0x000000008a000000| Complete 
| 125|0x000000008a100000, 0x000000008a200000, 0x000000008a200000|100%| E|CS|TAMS 0x000000008a100000, 0x000000008a100000| Complete 

Card table byte_map: [0x0000016afbbc0000,0x0000016afbfb0000] _byte_map_base: 0x0000016afb7ae000

Marking Bits (Prev, Next): (CMBitMap*) 0x0000016af9509548, (CMBitMap*) 0x0000016af9509580
 Prev Bits: [0x0000016afc3a0000, 0x0000016afe310000)
 Next Bits: [0x0000016a976d0000, 0x0000016a99640000)

Polling page: 0x0000016af9590000

Metaspace:

Usage:
  Non-class:     17.40 MB capacity,    17.05 MB ( 98%) used,   284.88 KB (  2%) free+waste,    65.62 KB ( <1%) overhead. 
      Class:      2.29 MB capacity,     2.03 MB ( 89%) used,   231.38 KB ( 10%) free+waste,    34.62 KB (  1%) overhead. 
       Both:     19.68 MB capacity,    19.08 MB ( 97%) used,   516.25 KB (  3%) free+waste,   100.25 KB ( <1%) overhead. 

Virtual space:
  Non-class space:       18.00 MB reserved,      17.50 MB ( 97%) committed 
      Class space:        1.00 GB reserved,       2.38 MB ( <1%) committed 
             Both:        1.02 GB reserved,      19.88 MB (  2%) committed 

Chunk freelists:
   Non-Class:  42.00 KB
       Class:  0 bytes
        Both:  42.00 KB

MaxMetaspaceSize: 17179869184.00 GB
CompressedClassSpaceSize: 1.00 GB
Initial GC threshold: 20.80 MB
Current GC threshold: 20.80 MB
CDS: off

CodeHeap 'non-profiled nmethods': size=120000Kb used=434Kb max_used=434Kb free=119565Kb
 bounds [0x0000016a901a0000, 0x0000016a90410000, 0x0000016a976d0000]
CodeHeap 'profiled nmethods': size=120000Kb used=1876Kb max_used=1876Kb free=118123Kb
 bounds [0x0000016a88c70000, 0x0000016a88ee0000, 0x0000016a901a0000]
CodeHeap 'non-nmethods': size=5760Kb used=1302Kb max_used=1308Kb free=4457Kb
 bounds [0x0000016a886d0000, 0x0000016a88940000, 0x0000016a88c70000]
 total_blobs=1807 nmethods=1201 adapters=519
 compilation: enabled
              stopped_count=0, restarted_count=0
 full_count=0

Compilation events (20 events):
Event: 2.574 Thread 0x0000016aff7d6800 1192       3       java.lang.invoke.LambdaFormEditor::bindArgumentForm (269 bytes)
Event: 2.577 Thread 0x0000016aff7d6800 nmethod 1192 0x0000016a88e3f910 code [0x0000016a88e3fce0, 0x0000016a88e41588]
Event: 2.577 Thread 0x0000016aff7d6800 1193       3       java.lang.invoke.LambdaFormEditor$Transform::of (49 bytes)
Event: 2.578 Thread 0x0000016aff7d6800 nmethod 1193 0x0000016a88e42010 code [0x0000016a88e42260, 0x0000016a88e42b38]
Event: 2.578 Thread 0x0000016aff7d6800 1194       3       java.lang.invoke.LambdaFormEditor$Transform::packedBytes (32 bytes)
Event: 2.578 Thread 0x0000016aff7d6800 nmethod 1194 0x0000016a88e42e90 code [0x0000016a88e43040, 0x0000016a88e43138]
Event: 2.578 Thread 0x0000016aff7d6800 1201       1       java.lang.reflect.Constructor::getSharedParameterTypes (5 bytes)
Event: 2.578 Thread 0x0000016aff7d6800 nmethod 1201 0x0000016a9020c390 code [0x0000016a9020c540, 0x0000016a9020c5f8]
Event: 2.607 Thread 0x0000016aff7d6800 1203       3       jdk.internal.reflect.ClassFileAssembler::emitConstantPoolMethodref (28 bytes)
Event: 2.608 Thread 0x0000016aff7d6800 nmethod 1203 0x0000016a88e43210 code [0x0000016a88e43460, 0x0000016a88e43ae8]
Event: 2.608 Thread 0x0000016aff7d6800 1204       3       java.lang.reflect.AccessibleObject::checkPermission (16 bytes)
Event: 2.608 Thread 0x0000016aff7d6800 nmethod 1204 0x0000016a88e43e90 code [0x0000016a88e44060, 0x0000016a88e442a8]
Event: 2.608 Thread 0x0000016aff7d6800 1205       3       java.lang.reflect.AccessibleObject::checkCanSetAccessible (9 bytes)
Event: 2.609 Thread 0x0000016aff7d6800 nmethod 1205 0x0000016a88e44390 code [0x0000016a88e44540, 0x0000016a88e44668]
Event: 2.610 Thread 0x0000016aff7d6800 1206       3       java.io.ObjectStreamClass::requireInitialized (18 bytes)
Event: 2.610 Thread 0x0000016aff7d6800 nmethod 1206 0x0000016a88e44710 code [0x0000016a88e448e0, 0x0000016a88e44ae8]
Event: 2.628 Thread 0x0000016aff7d6800 1207       3       jdk.internal.reflect.ReflectionFactory::inflationThreshold (4 bytes)
Event: 2.629 Thread 0x0000016aff7d6800 nmethod 1207 0x0000016a88e44b90 code [0x0000016a88e44d40, 0x0000016a88e44e38]
Event: 2.630 Thread 0x0000016aff7d6800 1208       3       java.nio.ByteBuffer::<init> (45 bytes)
Event: 2.631 Thread 0x0000016aff7d6800 nmethod 1208 0x0000016a88e44e90 code [0x0000016a88e45060, 0x0000016a88e45268]

GC Heap History (0 events):
No events

Deoptimization events (20 events):
Event: 1.112 Thread 0x0000016a9b89a800 Uncommon trap: trap_request=0xffffffc6 fr.pc=0x0000016a901dc4ac relative=0x0000000000000aec
Event: 1.112 Thread 0x0000016a9b89a800 Uncommon trap: reason=bimorphic_or_optimized_type_check action=maybe_recompile pc=0x0000016a901dc4ac method=java.util.HashMap.putVal(ILjava/lang/Object;Ljava/lang/Object;ZZ)Ljava/lang/Object; @ 203 c2
Event: 1.112 Thread 0x0000016a9b89a800 DEOPT PACKING pc=0x0000016a901dc4ac sp=0x0000004eec7fe3c0
Event: 1.112 Thread 0x0000016a9b89a800 DEOPT UNPACKING pc=0x0000016a8871a1af sp=0x0000004eec7fe360 mode 2
Event: 1.112 Thread 0x0000016a9b89a800 Uncommon trap: trap_request=0xffffffc6 fr.pc=0x0000016a901dc478 relative=0x0000000000000ab8
Event: 1.112 Thread 0x0000016a9b89a800 Uncommon trap: reason=bimorphic_or_optimized_type_check action=maybe_recompile pc=0x0000016a901dc478 method=java.util.HashMap.putVal(ILjava/lang/Object;Ljava/lang/Object;ZZ)Ljava/lang/Object; @ 91 c2
Event: 1.112 Thread 0x0000016a9b89a800 DEOPT PACKING pc=0x0000016a901dc478 sp=0x0000004eec7fe3c0
Event: 1.112 Thread 0x0000016a9b89a800 DEOPT UNPACKING pc=0x0000016a8871a1af sp=0x0000004eec7fe360 mode 2
Event: 1.112 Thread 0x0000016a9b89a800 Uncommon trap: trap_request=0xffffffc6 fr.pc=0x0000016a901dc4ac relative=0x0000000000000aec
Event: 1.112 Thread 0x0000016a9b89a800 Uncommon trap: reason=bimorphic_or_optimized_type_check action=maybe_recompile pc=0x0000016a901dc4ac method=java.util.HashMap.putVal(ILjava/lang/Object;Ljava/lang/Object;ZZ)Ljava/lang/Object; @ 203 c2
Event: 1.112 Thread 0x0000016a9b89a800 DEOPT PACKING pc=0x0000016a901dc4ac sp=0x0000004eec7fe3c0
Event: 1.112 Thread 0x0000016a9b89a800 DEOPT UNPACKING pc=0x0000016a8871a1af sp=0x0000004eec7fe360 mode 2
Event: 1.112 Thread 0x0000016a9b89a800 Uncommon trap: trap_request=0xffffffc6 fr.pc=0x0000016a901dc4ac relative=0x0000000000000aec
Event: 1.112 Thread 0x0000016a9b89a800 Uncommon trap: reason=bimorphic_or_optimized_type_check action=maybe_recompile pc=0x0000016a901dc4ac method=java.util.HashMap.putVal(ILjava/lang/Object;Ljava/lang/Object;ZZ)Ljava/lang/Object; @ 203 c2
Event: 1.112 Thread 0x0000016a9b89a800 DEOPT PACKING pc=0x0000016a901dc4ac sp=0x0000004eec7fe3c0
Event: 1.112 Thread 0x0000016a9b89a800 DEOPT UNPACKING pc=0x0000016a8871a1af sp=0x0000004eec7fe360 mode 2
Event: 1.252 Thread 0x0000016affa73000 Uncommon trap: trap_request=0xffffff4d fr.pc=0x0000016a901c57dc relative=0x00000000000002bc
Event: 1.252 Thread 0x0000016affa73000 Uncommon trap: reason=unstable_if action=reinterpret pc=0x0000016a901c57dc method=java.lang.StringUTF16.compress([CI[BII)I @ 20 c2
Event: 1.252 Thread 0x0000016affa73000 DEOPT PACKING pc=0x0000016a901c57dc sp=0x0000004eec8f7eb0
Event: 1.252 Thread 0x0000016affa73000 DEOPT UNPACKING pc=0x0000016a8871a1af sp=0x0000004eec8f7e30 mode 2

Classes redefined (0 events):
No events

Internal exceptions (20 events):
Event: 0.913 Thread 0x0000016affa73000 Exception <a 'java/lang/NoSuchMethodError'{0x000000008977d458}: 'java.lang.Object java.lang.invoke.DirectMethodHandle$Holder.invokeSpecial(java.lang.Object, java.lang.Object, int, java.lang.Object, java.lang.Object, java.lang.Object)'> (0x000000008977d458) thrown at [s\src\hotspot\share\interpreter\linkResolver.cpp, line 773]
Event: 0.919 Thread 0x0000016affa73000 Exception <a 'java/lang/NoSuchMethodError'{0x0000000089794d08}: 'java.lang.Object java.lang.invoke.DirectMethodHandle$Holder.invokeStatic(java.lang.Object, int, java.lang.Object)'> (0x0000000089794d08) thrown at [s\src\hotspot\share\interpreter\linkResolver.cpp, line 773]
Event: 0.977 Thread 0x0000016affa73000 Exception <a 'java/lang/ClassNotFoundException'{0x0000000089642d18}: com/sun/swing/internal/plaf/metal/resources/spi/metalProvider> (0x0000000089642d18) thrown at [s\src\hotspot\share\classfile\systemDictionary.cpp, line 230]
Event: 0.989 Thread 0x0000016affa73000 Exception <a 'java/lang/ClassNotFoundException'{0x0000000089647888}: com/sun/swing/internal/plaf/basic/resources/spi/basicProvider> (0x0000000089647888) thrown at [s\src\hotspot\share\classfile\systemDictionary.cpp, line 230]
Event: 1.017 Thread 0x0000016affa73000 Implicit null exception at 0x0000016a901dcd78 to 0x0000016a901dce0a
Event: 1.026 Thread 0x0000016aff7c3800 Exception <a 'java/lang/NoSuchMethodError'{0x00000000896bf2c8}: 'java.lang.Object java.lang.invoke.DirectMethodHandle$Holder.invokeStatic(java.lang.Object, int, int, int, int)'> (0x00000000896bf2c8) thrown at [s\src\hotspot\share\interpreter\linkResolver.cpp, line 773]
Event: 1.026 Thread 0x0000016aff7c3800 Exception <a 'java/lang/NoSuchMethodError'{0x00000000896c23f0}: 'java.lang.Object java.lang.invoke.DirectMethodHandle$Holder.invokeStaticInit(java.lang.Object, int, int, int, int)'> (0x00000000896c23f0) thrown at [s\src\hotspot\share\interpreter\linkResolver.cpp, line 773]
Event: 1.124 Thread 0x0000016a9b89a800 Exception <a 'java/lang/NoSuchMethodError'{0x0000000089b12548}: 'void java.lang.invoke.DirectMethodHandle$Holder.invokeVirtual(java.lang.Object, java.lang.Object)'> (0x0000000089b12548) thrown at [s\src\hotspot\share\interpreter\linkResolver.cpp, line 773]
Event: 1.184 Thread 0x0000016affa73000 Exception <a 'java/lang/NoSuchMethodError'{0x000000008951a8f0}: 'void java.lang.invoke.DirectMethodHandle$Holder.invokeStaticInit(java.lang.Object)'> (0x000000008951a8f0) thrown at [s\src\hotspot\share\interpreter\linkResolver.cpp, line 773]
Event: 1.296 Thread 0x0000016affa73000 Exception <a 'java/lang/NoSuchMethodError'{0x000000008941ee20}: 'java.lang.Object java.lang.invoke.Invokers$Holder.linkToTargetMethod(java.lang.Object, int, java.lang.Object)'> (0x000000008941ee20) thrown at [s\src\hotspot\share\interpreter\linkResolver.cpp, line 773]
Event: 1.792 Thread 0x0000016aff7c3800 Exception <a 'java/lang/NoSuchMethodError'{0x000000008930c770}: 'java.lang.Object java.lang.invoke.DirectMethodHandle$Holder.invokeStatic(java.lang.Object, java.lang.Object, int, int, int, int)'> (0x000000008930c770) thrown at [s\src\hotspot\share\interpreter\linkResolver.cpp, line 773]
Event: 1.792 Thread 0x0000016aff7c3800 Exception <a 'java/lang/NoSuchMethodError'{0x000000008930fac8}: 'java.lang.Object java.lang.invoke.DirectMethodHandle$Holder.invokeStaticInit(java.lang.Object, java.lang.Object, int, int, int, int)'> (0x000000008930fac8) thrown at [s\src\hotspot\share\interpreter\linkResolver.cpp, line 773]
Event: 1.823 Thread 0x0000016aff7c3800 Exception <a 'java/lang/ClassNotFoundException'{0x000000008932f830}: javax/management/remote/rmi/RMIServerImpl_Skel> (0x000000008932f830) thrown at [s\src\hotspot\share\classfile\systemDictionary.cpp, line 230]
Event: 2.482 Thread 0x0000016a9ba23000 Exception <a 'java/lang/NoSuchMethodError'{0x0000000089239538}: 'java.lang.Object java.lang.invoke.DirectMethodHandle$Holder.invokeStatic(java.lang.Object, java.lang.Object, java.lang.Object, java.lang.Object, java.lang.Object, java.lang.Object, java.lang.Object, java.lang.Object, java.lang.Object, java.lang.Object, java.lang.Object, java.lang.Object, java.lang.Object, int)'> (0x0000000089239538) thrown at [s\src\hotspot\share\interpreter\linkResolver.cpp, line 773]
Event: 2.484 Thread 0x0000016a9ba23000 Exception <a 'java/lang/NoSuchMethodError'{0x0000000089245808}: 'java.lang.Object java.lang.invoke.DirectMethodHandle$Holder.invokeStatic(java.lang.Object, java.lang.Object, java.lang.Object, java.lang.Object, java.lang.Object, java.lang.Object, java.lang.Object, java.lang.Object, java.lang.Object, java.lang.Object, java.lang.Object, java.lang.Object, java.lang.Object, int, int)'> (0x0000000089245808) thrown at [s\src\hotspot\share\interpreter\linkResolver.cpp, line 773]
Event: 2.487 Thread 0x0000016a9ba23000 Exception <a 'java/lang/NoSuchMethodError'{0x0000000089251eb8}: 'java.lang.Object java.lang.invoke.DirectMethodHandle$Holder.invokeStatic(java.lang.Object, java.lang.Object, java.lang.Object, java.lang.Object, java.lang.Object, java.lang.Object, java.lang.Object, java.lang.Object, java.lang.Object, java.lang.Object, java.lang.Object, java.lang.Object, java.lang.Object, int, int, java.lang.Object)'> (0x0000000089251eb8) thrown at [s\src\hotspot\share\interpreter\linkResolver.cpp, line 773]
Event: 2.489 Thread 0x0000016a9ba23000 Exception <a 'java/lang/NoSuchMethodError'{0x000000008925eef8}: 'java.lang.Object java.lang.invoke.DelegatingMethodHandle$Holder.reinvoke_L(java.lang.Object, int, java.lang.Object)'> (0x000000008925eef8) thrown at [s\src\hotspot\share\interpreter\linkResolver.cpp, line 773]
Event: 2.541 Thread 0x0000016a9ba23000 Exception <a 'java/lang/NoSuchMethodError'{0x00000000892af410}: <clinit>> (0x00000000892af410) thrown at [s\src\hotspot\share\prims\jni.cpp, line 1372]
Event: 2.571 Thread 0x0000016a9ba23000 Exception <a 'java/lang/ClassNotFoundException'{0x00000000892f2c70}: javax/management/remote/rmi/RMIConnectionImpl_Skel> (0x00000000892f2c70) thrown at [s\src\hotspot\share\classfile\systemDictionary.cpp, line 230]
Event: 2.572 Thread 0x0000016a9bbc0000 Exception <a 'java/lang/NoSuchMethodError'{0x0000000089141d08}: 'java.lang.Object java.lang.invoke.Invokers$Holder.linkToTargetMethod(java.lang.Object, long, java.lang.Object)'> (0x0000000089141d08) thrown at [s\src\hotspot\share\interpreter\linkResolver.cpp, line 773]

Events (20 events):
Event: 2.579 loading class sun/rmi/transport/DGCAckHandler$1
Event: 2.579 loading class sun/rmi/transport/DGCAckHandler$1 done
Event: 2.596 Executing VM operation: RevokeBias
Event: 2.596 Executing VM operation: RevokeBias done
Event: 2.597 loading class java/util/stream/IntStream
Event: 2.598 loading class java/util/stream/IntStream done
Event: 2.598 loading class java/io/UnsupportedEncodingException
Event: 2.598 loading class java/io/UnsupportedEncodingException done
Event: 2.608 loading class javax/management/MalformedObjectNameException
Event: 2.608 loading class javax/management/MalformedObjectNameException done
Event: 2.609 loading class javax/management/remote/rmi/RMIConnectionImpl$PrivilegedOperation
Event: 2.609 loading class javax/management/remote/rmi/RMIConnectionImpl$PrivilegedOperation done
Event: 2.629 loading class sun/reflect/misc/MethodUtil
Event: 2.629 loading class sun/reflect/misc/MethodUtil done
Event: 2.629 loading class sun/reflect/misc/MethodUtil$1
Event: 2.630 loading class sun/reflect/misc/MethodUtil$1 done
Event: 2.631 loading class java/lang/UnsupportedOperationException
Event: 2.631 loading class java/lang/UnsupportedOperationException done
Event: 2.632 loading class java/lang/IllegalAccessException
Event: 2.632 loading class java/lang/IllegalAccessException done


Dynamic libraries:
0x00007ff7fbbc0000 - 0x00007ff7fbbce000 	C:\Users\benam\AppData\Local\Programs\Eclipse Adoptium\jdk-11.0.24.8-hotspot\bin\java.exe
0x00007ff987910000 - 0x00007ff987b27000 	C:\WINDOWS\SYSTEM32\ntdll.dll
0x00007ff985ac0000 - 0x00007ff985b84000 	C:\WINDOWS\System32\KERNEL32.DLL
0x00007ff984ff0000 - 0x00007ff9853aa000 	C:\WINDOWS\System32\KERNELBASE.dll
0x00007ff984c10000 - 0x00007ff984d21000 	C:\WINDOWS\System32\ucrtbase.dll
0x00007ff968140000 - 0x00007ff96815b000 	C:\Users\benam\AppData\Local\Programs\Eclipse Adoptium\jdk-11.0.24.8-hotspot\bin\VCRUNTIME140.dll
0x00007ff968cd0000 - 0x00007ff968ce7000 	C:\Users\benam\AppData\Local\Programs\Eclipse Adoptium\jdk-11.0.24.8-hotspot\bin\jli.dll
0x00007ff985730000 - 0x00007ff9858de000 	C:\WINDOWS\System32\USER32.dll
0x00007ff965540000 - 0x00007ff9657d2000 	C:\WINDOWS\WinSxS\amd64_microsoft.windows.common-controls_6595b64144ccf1df_6.0.22621.4541_none_2710d1c57384c085\COMCTL32.dll
0x00007ff984fc0000 - 0x00007ff984fe6000 	C:\WINDOWS\System32\win32u.dll
0x00007ff985650000 - 0x00007ff9856f7000 	C:\WINDOWS\System32\msvcrt.dll
0x00007ff985700000 - 0x00007ff985729000 	C:\WINDOWS\System32\GDI32.dll
0x00007ff984ea0000 - 0x00007ff984fbb000 	C:\WINDOWS\System32\gdi32full.dll
0x00007ff985430000 - 0x00007ff9854ca000 	C:\WINDOWS\System32\msvcp_win.dll
0x00007ff985610000 - 0x00007ff985641000 	C:\WINDOWS\System32\IMM32.DLL
0x00007ff96fcd0000 - 0x00007ff96fcdc000 	C:\Users\benam\AppData\Local\Programs\Eclipse Adoptium\jdk-11.0.24.8-hotspot\bin\vcruntime140_1.dll
0x00007ff95f590000 - 0x00007ff95f61d000 	C:\Users\benam\AppData\Local\Programs\Eclipse Adoptium\jdk-11.0.24.8-hotspot\bin\msvcp140.dll
0x00007ff918430000 - 0x00007ff918ff4000 	C:\Users\benam\AppData\Local\Programs\Eclipse Adoptium\jdk-11.0.24.8-hotspot\bin\server\jvm.dll
0x00007ff9865d0000 - 0x00007ff986682000 	C:\WINDOWS\System32\ADVAPI32.dll
0x00007ff986690000 - 0x00007ff986737000 	C:\WINDOWS\System32\sechost.dll
0x00007ff984be0000 - 0x00007ff984c08000 	C:\WINDOWS\System32\bcrypt.dll
0x00007ff985bb0000 - 0x00007ff985cc4000 	C:\WINDOWS\System32\RPCRT4.dll
0x00007ff9877f0000 - 0x00007ff9877f8000 	C:\WINDOWS\System32\PSAPI.DLL
0x00007ff97b3e0000 - 0x00007ff97b414000 	C:\WINDOWS\SYSTEM32\WINMM.dll
0x00007ff97e8e0000 - 0x00007ff97e8e9000 	C:\WINDOWS\SYSTEM32\WSOCK32.dll
0x00007ff979a10000 - 0x00007ff979a1a000 	C:\WINDOWS\SYSTEM32\VERSION.dll
0x00007ff9858e0000 - 0x00007ff985951000 	C:\WINDOWS\System32\WS2_32.dll
0x00007ff983c20000 - 0x00007ff983c38000 	C:\WINDOWS\SYSTEM32\kernel.appcore.dll
0x00007ff968c40000 - 0x00007ff968c50000 	C:\Users\benam\AppData\Local\Programs\Eclipse Adoptium\jdk-11.0.24.8-hotspot\bin\verify.dll
0x00007ff97f450000 - 0x00007ff97f682000 	C:\WINDOWS\SYSTEM32\DBGHELP.DLL
0x00007ff987350000 - 0x00007ff9876df000 	C:\WINDOWS\System32\combase.dll
0x00007ff986740000 - 0x00007ff986817000 	C:\WINDOWS\System32\OLEAUT32.dll
0x00007ff9698a0000 - 0x00007ff9698d2000 	C:\WINDOWS\SYSTEM32\dbgcore.DLL
0x00007ff9854d0000 - 0x00007ff98554b000 	C:\WINDOWS\System32\bcryptPrimitives.dll
0x00007ff968110000 - 0x00007ff968138000 	C:\Users\benam\AppData\Local\Programs\Eclipse Adoptium\jdk-11.0.24.8-hotspot\bin\java.dll
0x00007ff968990000 - 0x00007ff96899a000 	C:\Users\benam\AppData\Local\Programs\Eclipse Adoptium\jdk-11.0.24.8-hotspot\bin\jimage.dll
0x00007ff967b60000 - 0x00007ff967b6e000 	C:\Users\benam\AppData\Local\Programs\Eclipse Adoptium\jdk-11.0.24.8-hotspot\bin\instrument.dll
0x00007ff967b90000 - 0x00007ff967ba8000 	C:\Users\benam\AppData\Local\Programs\Eclipse Adoptium\jdk-11.0.24.8-hotspot\bin\zip.dll
0x00007ff9869f0000 - 0x00007ff987268000 	C:\WINDOWS\System32\SHELL32.dll
0x00007ff982b20000 - 0x00007ff983428000 	C:\WINDOWS\SYSTEM32\windows.storage.dll
0x00007ff9829e0000 - 0x00007ff982b1f000 	C:\WINDOWS\SYSTEM32\wintypes.dll
0x00007ff9876e0000 - 0x00007ff9877da000 	C:\WINDOWS\System32\SHCORE.dll
0x00007ff9872f0000 - 0x00007ff98734e000 	C:\WINDOWS\System32\shlwapi.dll
0x00007ff984b10000 - 0x00007ff984b3b000 	C:\WINDOWS\SYSTEM32\profapi.dll
0x00007ff967b70000 - 0x00007ff967b89000 	C:\Users\benam\AppData\Local\Programs\Eclipse Adoptium\jdk-11.0.24.8-hotspot\bin\net.dll
0x00007ff97a2a0000 - 0x00007ff97a3d6000 	C:\WINDOWS\SYSTEM32\WINHTTP.dll
0x00007ff9840a0000 - 0x00007ff984109000 	C:\WINDOWS\system32\mswsock.dll
0x00007ff960270000 - 0x00007ff960282000 	C:\Users\benam\AppData\Local\Programs\Eclipse Adoptium\jdk-11.0.24.8-hotspot\bin\nio.dll
0x00007ff960250000 - 0x00007ff96026a000 	C:\$Recycle.Bin\S-1-5-21-4164793623-287986518-3935435691-1001\$RZLOBY0\IntelliJ IDEA 2024.2.3\bin\breakgen64.dll
0x00007ff95a650000 - 0x00007ff95a7d2000 	C:\Users\benam\AppData\Local\Programs\Eclipse Adoptium\jdk-11.0.24.8-hotspot\bin\awt.dll
0x00007ff97c0d0000 - 0x00007ff97c167000 	C:\WINDOWS\SYSTEM32\apphelp.dll
0x00007ff983700000 - 0x00007ff983802000 	C:\WINDOWS\SYSTEM32\DNSAPI.dll
0x00007ff983690000 - 0x00007ff9836bd000 	C:\WINDOWS\SYSTEM32\IPHLPAPI.DLL
0x00007ff986380000 - 0x00007ff986389000 	C:\WINDOWS\System32\NSI.dll
0x0000000061000000 - 0x0000000061035000 	C:\Program Files\Bonjour\mdnsNSP.dll
0x00007ff977c30000 - 0x00007ff977c3a000 	C:\Windows\System32\rasadhlp.dll
0x00007ff9789c0000 - 0x00007ff978a43000 	C:\WINDOWS\System32\fwpuclnt.dll
0x00007ff965a70000 - 0x00007ff965a79000 	C:\Users\benam\AppData\Local\Programs\Eclipse Adoptium\jdk-11.0.24.8-hotspot\bin\management.dll
0x00007ff960100000 - 0x00007ff96010b000 	C:\Users\benam\AppData\Local\Programs\Eclipse Adoptium\jdk-11.0.24.8-hotspot\bin\management_ext.dll
0x00007ff97ecd0000 - 0x00007ff97ed81000 	C:\WINDOWS\system32\uxtheme.dll
0x00007ff986830000 - 0x00007ff986991000 	C:\WINDOWS\System32\MSCTF.dll
0x00007ff986420000 - 0x00007ff9865c5000 	C:\WINDOWS\System32\ole32.dll
0x00007ff97f030000 - 0x00007ff97f05b000 	C:\WINDOWS\system32\DWMAPI.DLL
0x00007ff952c70000 - 0x00007ff952d70000 	C:\WINDOWS\system32\opengl32.dll
0x00007ff952b10000 - 0x00007ff952b3d000 	C:\WINDOWS\SYSTEM32\GLU32.dll
0x00007ff97ede0000 - 0x00007ff97ee17000 	C:\WINDOWS\SYSTEM32\dxcore.dll
0x00007ff9842f0000 - 0x00007ff98430b000 	C:\WINDOWS\SYSTEM32\CRYPTSP.dll
0x00007ff983b80000 - 0x00007ff983bb5000 	C:\WINDOWS\system32\rsaenh.dll
0x00007ff984190000 - 0x00007ff9841b8000 	C:\WINDOWS\SYSTEM32\USERENV.dll
0x00007ff984310000 - 0x00007ff98431c000 	C:\WINDOWS\SYSTEM32\CRYPTBASE.dll
0x00007ff979a50000 - 0x00007ff979a69000 	C:\WINDOWS\SYSTEM32\dhcpcsvc6.DLL
0x00007ff9798a0000 - 0x00007ff9798bf000 	C:\WINDOWS\SYSTEM32\dhcpcsvc.DLL
0x00007ff959b50000 - 0x00007ff959bd7000 	C:\Users\benam\AppData\Local\Programs\Eclipse Adoptium\jdk-11.0.24.8-hotspot\bin\freetype.dll
0x00007ff952770000 - 0x00007ff952852000 	C:\Users\benam\AppData\Local\Programs\Eclipse Adoptium\jdk-11.0.24.8-hotspot\bin\fontmanager.dll
0x00007ff96db90000 - 0x00007ff96dcd5000 	C:\WINDOWS\SYSTEM32\textinputframework.dll
0x00007ff97bae0000 - 0x00007ff97bc13000 	C:\WINDOWS\SYSTEM32\CoreMessaging.dll
0x00007ff977740000 - 0x00007ff977aad000 	C:\WINDOWS\SYSTEM32\CoreUIComponents.dll
0x00007ff95f850000 - 0x00007ff95f867000 	C:\WINDOWS\system32\napinsp.dll
0x00007ff95ebc0000 - 0x00007ff95ebdb000 	C:\WINDOWS\system32\pnrpnsp.dll
0x00007ff95eba0000 - 0x00007ff95ebb1000 	C:\WINDOWS\System32\winrnr.dll
0x00007ff978e60000 - 0x00007ff978e75000 	C:\WINDOWS\system32\wshbth.dll
0x00007ff95eb70000 - 0x00007ff95eb97000 	C:\WINDOWS\system32\nlansp_c.dll
0x00007ff967860000 - 0x00007ff9678b0000 	C:\WINDOWS\SYSTEM32\pdh.dll

dbghelp: loaded successfully - version: 4.0.5 - missing functions: none
symbol engine: initialized successfully - sym options: 0x614 - pdb path: .;C:\Users\benam\AppData\Local\Programs\Eclipse Adoptium\jdk-11.0.24.8-hotspot\bin;C:\WINDOWS\SYSTEM32;C:\WINDOWS\WinSxS\amd64_microsoft.windows.common-controls_6595b64144ccf1df_6.0.22621.4541_none_2710d1c57384c085;C:\Users\benam\AppData\Local\Programs\Eclipse Adoptium\jdk-11.0.24.8-hotspot\bin\server;C:\$Recycle.Bin\S-1-5-21-4164793623-287986518-3935435691-1001\$RZLOBY0\IntelliJ IDEA 2024.2.3\bin;C:\Program Files\Bonjour

VM Arguments:
jvm_args: -javaagent:C:\$Recycle.Bin\S-1-5-21-4164793623-287986518-3935435691-1001\$RZLOBY0\IntelliJ IDEA 2024.2.3\lib\idea_rt.jar=50999:C:\$Recycle.Bin\S-1-5-21-4164793623-287986518-3935435691-1001\$RZLOBY0\IntelliJ IDEA 2024.2.3\bin -Dfile.encoding=UTF-8 
java_command: window1
java_class_path (initial): C:\Users\benam\IdeaProjects\cars\out\production\cars;C:\Users\benam\IdeaProjects\cars\lib\mysql-connector-j-9.1.0.jar
Launcher Type: SUN_STANDARD

[Global flags]
     intx CICompilerCount                          = 4                                         {product} {ergonomic}
     uint ConcGCThreads                            = 2                                         {product} {ergonomic}
     uint G1ConcRefinementThreads                  = 8                                         {product} {ergonomic}
   size_t G1HeapRegionSize                         = 1048576                                   {product} {ergonomic}
    uintx GCDrainStackTargetSize                   = 64                                        {product} {ergonomic}
   size_t InitialHeapSize                          = 132120576                                 {product} {ergonomic}
   size_t MarkStackSize                            = 4194304                                   {product} {ergonomic}
   size_t MaxHeapSize                              = 2109734912                                {product} {ergonomic}
   size_t MaxNewSize                               = 1265631232                                {product} {ergonomic}
   size_t MinHeapDeltaBytes                        = 1048576                                   {product} {ergonomic}
    uintx NonNMethodCodeHeapSize                   = 5836300                                {pd product} {ergonomic}
    uintx NonProfiledCodeHeapSize                  = 122910970                              {pd product} {ergonomic}
    uintx ProfiledCodeHeapSize                     = 122910970                              {pd product} {ergonomic}
    uintx ReservedCodeCacheSize                    = 251658240                              {pd product} {ergonomic}
     bool SegmentedCodeCache                       = true                                      {product} {ergonomic}
     bool UseCompressedClassPointers               = true                                 {lp64_product} {ergonomic}
     bool UseCompressedOops                        = true                                 {lp64_product} {ergonomic}
     bool UseG1GC                                  = true                                      {product} {ergonomic}
     bool UseLargePagesIndividualAllocation        = false                                  {pd product} {ergonomic}

Logging:
Log output configuration:
 #0: stdout all=warning uptime,level,tags
 #1: stderr all=off uptime,level,tags

Environment Variables:
JAVA_HOME=C:\Users\benam\AppData\Local\Programs\Eclipse Adoptium\jdk-11.0.24.8-hotspot\
PATH=C:\Program Files\Common Files\Oracle\Java\javapath;C:\Program Files (x86)\VMware\VMware Player\bin\;C:\ProgramData\Oracle\Java\javapath;C:\WINDOWS\system32;C:\WINDOWS;C:\WINDOWS\System32\Wbem;C:\WINDOWS\System32\WindowsPowerShell\v1.0\;C:\WINDOWS\System32\OpenSSH\;C:\Program Files\Intel\WiFi\bin\;C:\Program Files\Common Files\Intel\WirelessCommon\;C:\Program Files\Microsoft SQL Server\120\Tools\Binn\;C:\Program Files\Common Files\Autodesk Shared\;C:\Program Files\Microsoft SQL Server\130\Tools\Binn\;C:\WINDOWS\system32;C:\WINDOWS;C:\WINDOWS\System32\Wbem;C:\WINDOWS\System32\WindowsPowerShell\v1.0\;C:\WINDOWS\System32\OpenSSH\;C:\Program Files\dotnet\;C:\Program Files\nodejs\;C:\ProgramData\chocolatey\bin;C:\Program Files (x86)\dotnet\;C:\Users\benam\AppData\Local\Programs\Python\Python313\Scripts\;C:\Users\benam\AppData\Local\Programs\Python\Python313\;C:\Users\benam\AppData\Local\Programs\Eclipse Adoptium\jdk-11.0.24.8-hotspot\bin;C:\Users\benam\anaconda3;C:\Users\benam\anaconda3\Library\mingw-w64\bin;C:\Users\benam\anaconda3\Library\usr\bin;C:\Users\benam\anaconda3\Library\bin;C:\Users\benam\anaconda3\Scripts;C:\Users\benam\AppData\Local\Microsoft\WindowsApps;C:\Users\benam\AppData\Local\Programs\Git\cmd;C:\Users\benam\AppData\Local\Programs\Microsoft VS Code\bin;C:\Users\benam\AppData\Roaming\npm
USERNAME=benamnamaram
OS=Windows_NT
PROCESSOR_IDENTIFIER=Intel64 Family 6 Model 142 Stepping 11, GenuineIntel
TMP=C:\Users\benam\AppData\Local\Temp
TEMP=C:\Users\benam\AppData\Local\Temp



---------------  S Y S T E M  ---------------

OS: Windows 11 , 64 bit Build 22621 (10.0.22621.4391)
OS uptime: 0 days 2:13 hours

CPU:total 8 (initial active 8) (4 cores per cpu, 2 threads per core) family 6 model 142 stepping 11 microcode 0xde, cmov, cx8, fxsr, mmx, sse, sse2, sse3, ssse3, sse4.1, sse4.2, popcnt, avx, avx2, aes, clmul, erms, 3dnowpref, lzcnt, ht, tsc, tscinvbit, bmi1, bmi2, adx, fma

Memory: 4k page, system-wide physical 8043M (231M free)
TotalPageFile size 10143M (AvailPageFile size 0M)
current process WorkingSet (physical memory assigned to process): 89M, peak: 89M
current process commit charge ("private bytes"): 234M, peak: 236M

vm_info: OpenJDK 64-Bit Server VM (11.0.24+8) for windows-amd64 JRE (11.0.24+8), built on Jul 16 2024 23:39:21 by "" with MS VC++ 16.10 / 16.11 (VS2019)

END.
